
Session Start: Sat Dec 09 01:07:17 2000
[01:07] Session Ident: Porta_Chaves (----------@195-23-250-90.nr.ip.pt)
[01:07] <Porta_Chaves> oi
[01:07] <Porta_Chaves> tenho uma
[01:07] <Porta_Chaves> proposta
[01:07] <Porta_Chaves> para si?
[01:07] <Pret3ndeR> sei la... tas-me a perguntar?
[01:08] <Pret3ndeR> sim diz...
[01:08] <Porta_Chaves> olha
[01:09] <Porta_Chaves> eu contru-te uma página
[01:09] <Porta_Chaves> de graça
[01:09] <Pret3ndeR> uma webpage?
[01:09] <Porta_Chaves> SIM
[01:09] <Pret3ndeR> sim... e em troca...?
[01:12] <Pret3ndeR> .....
[01:13] <Porta_Chaves> olha
[01:13] <Porta_Chaves> foi-se abaixo
[01:13] <Porta_Chaves> diz lá a resposta?
[01:14] <Pret3ndeR> n vi tudo
[01:14] <Pret3ndeR> <Porta_Chaves> de graça
[01:14] <Pret3ndeR> <Pret3ndeR> uma webpage?
[01:14] <Pret3ndeR> <Porta_Chaves> SIM
[01:14] <Pret3ndeR> <Pret3ndeR> sim... e em troca...?
[01:14] <Porta_Chaves> olha
[01:14] <Porta_Chaves> dás-me op refgistado no #guimaraes
[01:15] <Pret3ndeR> ... tenho de ver o material antes
[01:15] <Porta_Chaves> meu é fixe
[01:15] <Porta_Chaves> e se fores pagar é já 2000
[01:15] <Porta_Chaves> para te construirem
[01:15] <Porta_Chaves> 1
[01:16] <Pret3ndeR> tenho de ver antes...
[01:16] <Pret3ndeR> ja fizeste alguma?
[01:16] No such nick/channel
[01:16] <Porta_Chaves> muitas
[01:16] <Porta_Chaves> tenho uma para mim
[01:16] <Porta_Chaves> é porreira
[01:16] <Porta_Chaves> e podes por a tua foto
[01:16] <Porta_Chaves> e tudo
[01:17] <Pret3ndeR> deixa ver
[01:17] <Porta_Chaves> a minha tem fotos de gaijas nuas
[01:17] <Pret3ndeR> deixa ver...
[01:17] <Porta_Chaves> http://paraisos.pt.fortunecity.com/indico/11/
[01:17] <Porta_Chaves> atão
[01:17] <Porta_Chaves> queres?
[01:17] <Porta_Chaves> eu pago
[01:17] <Porta_Chaves> aos gaijos
[01:17] <Porta_Chaves> aos gaijos
[01:17] <Porta_Chaves> eu pago
[01:17] <Porta_Chaves> aos gaijos
[01:18] <Porta_Chaves> e depois
[01:18] <Porta_Chaves> contru
[01:18] <Porta_Chaves> por isso tou a perder donheiro
[01:18] <Porta_Chaves> aceitas?
[01:18] <Pret3ndeR> nao... aquilo e alguma webpage??
[01:18] <Porta_Chaves> é sim
[01:18] <Porta_Chaves> eu é que pus assim
[01:18] <Porta_Chaves> é uma demonstração
[01:18] <Porta_Chaves> depois dizes o que queres
[01:18] <Porta_Chaves> e eu escrevo
[01:19] <Porta_Chaves> e eu escrevo
[01:19] <Pret3ndeR> www.enimy.org
[01:19] <Pret3ndeR> ate esta q eu ja fiz aos ans ta melhor
[01:19] <Porta_Chaves> átão
[01:20] <Porta_Chaves> olha
[01:20] <Porta_Chaves> OLHA
[01:20] <Pret3ndeR> sim
[01:20] <Pret3ndeR> pa onde?
[01:20] <Porta_Chaves> OLHA DEMOSTRAÇÂO SAV /MemoServ LIST NEW BES O QUE È?
[01:21] <Pret3ndeR> ?
Session Close: Sat Dec 09 01:23:09 2000


Session Start: Sat Dec 09 01:56:29 2000
[01:56] Session Ident: Porta_Chaves (----------@195-23-250-3.nr.ip.pt)
[01:56] <Porta_Chaves> mandas e-mail?
[01:56] <Pret3ndeR> como faço?
[01:58] <Porta_Chaves> manda e-maiçl
[01:58] <Porta_Chaves> com tudo
[01:58] <Pret3ndeR> como?
[01:58] <Porta_Chaves> para:
[01:58] <Porta_Chaves> :
[01:59] <Porta_Chaves> trinco11@hotmail.com
[01:59] <Porta_Chaves> se não tens e-mail
[01:59] <Porta_Chaves> vai a 
[01:59] <Porta_Chaves> www.hotmail.com
Session Close: Sat Dec 09 02:09:41 2000

